D:\081-082\ofc\drawings\kumar yonjan\1.dukha.dwg,Model,11/19/2024 11:20:18 AM,user,Canon MF240 Series UFRII LT,A4,1:2.92591,
D:\081-082\ofc\drawings\kumar yonjan\1.dukha.dwg,Model,11/19/2024 11:20:50 AM,user,Canon MF240 Series UFRII LT,A4,1:3.11064,
H:\081_082\ofc\ofc\drawings\2024-11-21 sunita mam jhagada case ukhutaar\tahara 2 kothaa.dwg,Model,16/12/2024 11:47:40,DELL,Canon MF240 Series UFRII LT,A4,1:3.75615,
H:\081_082\ofc\ofc\drawings\2024-11-21 sunita mam jhagada case ukhutaar\tahara 2 kothaa.dwg,Model,16/12/2024 11:49:13,DELL,Canon MF240 Series UFRII LT,A4,1:3.75615,
H:\081_082\ofc\ofc\drawings\2024-11-21 sunita mam jhagada case ukhutaar\tahara 2 kothaa.dwg,Model,16/12/2024 11:51:42,DELL,Canon MF240 Series UFRII LT,A4,1:3.75615,
H:\081_082\ofc\ofc\drawings\2024-11-21 sunita mam jhagada case ukhutaar\tahara 2 kothaa.dwg,Model,16/12/2024 11:52:42,DELL,Canon MF240 Series UFRII LT,A4,1:3.75615,
H:\081_082\ofc\ofc\drawings\2024-11-21 sunita mam jhagada case ukhutaar\tahara 2 kothaa.dwg,Model,16/12/2024 11:55:30,DELL,Canon MF240 Series UFRII LT,A4,1:3.75615,
H:\081_082\ofc\ofc\drawings\2024-11-21 sunita mam jhagada case ukhutaar\tahara 2 kothaa.dwg,Model,16/12/2024 11:56:23,DELL,Canon MF240 Series UFRII LT,A4,1:3.75615,
H:\081_082\ofc\ofc\drawings\2024-11-21 sunita mam jhagada case ukhutaar\tahara 2 kothaa.dwg,Model,16/12/2024 11:57:07,DELL,Canon MF240 Series UFRII LT,A4,1:3.75615,
H:\081_082\ofc\ofc\drawings\2024-11-21 sunita mam jhagada case ukhutaar\tahara 2 kothaa.dwg,Model,16/12/2024 11:57:46,DELL,Canon MF240 Series UFRII LT,A4,1:3.75615,
H:\081_082\ofc\ofc\drawings\kumar yonjan\1.dukha.dwg,Model,16/12/2024 12:13:35,DELL,Canon MF240 Series UFRII LT,A4,1:3.42747,
H:\081_082\ofc\ofc\drawings\kumar yonjan\1.dukha.dwg,Model,16/12/2024 12:14:16,DELL,Canon MF240 Series UFRII LT,A4,1:3.56839,
H:\081_082\ofc\ofc\drawings\kumar yonjan\1.dukha.dwg,Model,16/12/2024 12:14:42,DELL,Canon MF240 Series UFRII LT,A4,1:3.56839,
H:\081_082\ofc\ofc\drawings\kumar yonjan\1.dukha.dwg,Model,16/12/2024 12:16:11,DELL,Canon MF240 Series UFRII LT,A4,1:5.42632,
H:\081_082\ofc\ofc\drawings\kumar yonjan\1.dukha.dwg,Model,16/12/2024 12:16:38,DELL,Canon MF240 Series UFRII LT,A4,1:5.9568,
H:\Other\Ward 9 draw\C31W9 naresh maharjan\naresh maharjan\FINAL SANTOS.dwg,Model,16/12/2024 12:18:21,DELL,Canon MF240 Series UFRII LT,A4,1:2.86155,
H:\Other\Ward 9 draw\C31W9 naresh maharjan\naresh maharjan\FINAL SANTOS.dwg,Model,16/12/2024 12:20:22,DELL,Canon MF240 Series UFRII LT,A4,1:3.86941,
H:\Other\Ward 9 draw\C31W9 naresh maharjan\naresh maharjan\FINAL SANTOS.dwg,Model,16/12/2024 12:20:36,DELL,Canon MF240 Series UFRII LT,A4,1:2.90717,
H:\Other\Ward 9 draw\C31W9 naresh maharjan\naresh maharjan\FINAL SANTOS.dwg,Model,16/12/2024 12:21:06,DELL,Canon MF240 Series UFRII LT,A4,1:2.91003,
H:\Other\Ward 9 draw\C31W9 naresh maharjan\naresh maharjan\FINAL SANTOS.dwg,Model,16/12/2024 12:21:53,DELL,Canon MF240 Series UFRII LT,A4,1:4.02895,
H:\Other\Ward 9 draw\C31W9 naresh maharjan\naresh maharjan\FINAL SANTOS.dwg,Model,16/12/2024 12:22:27,DELL,Canon MF240 Series UFRII LT,A4,1:2.38208,
H:\Other\Ward 9 draw\C31W9 naresh maharjan\naresh maharjan\FINAL SANTOS.dwg,Model,16/12/2024 12:23:00,DELL,Canon MF240 Series UFRII LT,A4,1:4.01385,
H:\Other\Ward 9 draw\C31W9 naresh maharjan\naresh maharjan\FINAL SANTOS.dwg,Model,16/12/2024 12:23:16,DELL,Canon MF240 Series UFRII LT,A4,1:4.01612,
D:\081-082\ofc\drawings\kumar yonjan\1.dukha.dwg,Model,2/20/2025 10:47:30 AM,user,Canon MF240 Series UFRII LT,A4,1:3.75544,
D:\081-082\ofc\drawings\kumar yonjan\1.dukha.dwg,Model,2/20/2025 10:47:49 AM,user,Canon MF240 Series UFRII LT,A4,1:3.54176,
D:\081-082\ofc\drawings\kumar yonjan\1.dukha.dwg,Model,2/20/2025 10:48:04 AM,user,Canon MF240 Series UFRII LT,A4,1:3.31756,
D:\081-082\ofc\drawings\kumar yonjan\1.dukha.dwg,Model,2/20/2025 10:48:27 AM,user,Canon MF240 Series UFRII LT,A4,1:3.55156,
D:\New folder\081-082\ofc\ofc\drawings\kumar yonjan\1.dukha.dwg,Model,6/23/2025 12:29:02 PM,user,Canon MF240 Series UFRII LT,A4,1:3.15142,
D:\New folder\081-082\ofc\ofc\drawings\kumar yonjan\1.dukha.dwg,Model,6/23/2025 12:29:29 PM,user,Canon MF240 Series UFRII LT,A4,1:3.43237,
D:\New folder\081-082\ofc\ofc\drawings\kumar yonjan\1.dukha.dwg,Model,6/23/2025 12:29:54 PM,user,Canon MF240 Series UFRII LT,A4,1:3.626,
D:\New folder\081-082\ofc\ofc\drawings\kumar yonjan\1.dukha.dwg,Model,6/23/2025 12:30:15 PM,user,Canon MF240 Series UFRII LT,A4,1:3.57283,
D:\New folder\081-082\ofc\ofc\drawings\kumar yonjan\1.dukha.dwg,Model,6/23/2025 12:30:58 PM,user,Canon MF240 Series UFRII LT,A4,1:3.36434,
D:\New folder\081-082\ofc\ofc\drawings\kumar yonjan\1.dukha.dwg,Model,6/23/2025 12:31:18 PM,user,Canon MF240 Series UFRII LT,A4,1:3.65032,
